INFO:root:Reading /home/ilint/HPI/repos/tpch-data/lineitem in memory: 8854.307782 ms.
INFO:root:Reading /home/ilint/HPI/repos/tpch-data/lineitem in memory: 8414.828656 ms.
INFO:root:Reading /home/ilint/HPI/repos/tpch-data/orders in memory: 1764.826138 ms.
INFO:root:Merging time for lineitem and orders: 2028.995096 ms.
INFO:root:Size of /home/ilint/HPI/repos/tpch-data/lineitem: 3569.390879 MB.
INFO:root:Size of /home/ilint/HPI/repos/tpch-data/orders: 599.870399 MB.
INFO:root:Size of merged lineitem_orders: 5969.380156 MB.
INFO:root:Reading /home/ilint/HPI/repos/tpch-data/customers in memory: 382.05466 ms.
INFO:root:Reading /home/ilint/HPI/repos/tpch-data/orders in memory: 1844.660029 ms.
INFO:root:Merging time for customers and orders: 2500.2676 ms.
INFO:root:Size of /home/ilint/HPI/repos/tpch-data/customers: 67.28348 MB.
INFO:root:Size of /home/ilint/HPI/repos/tpch-data/orders: 599.870399 MB.
INFO:root:Size of merged customers_orders: 1272.755334 MB.

Moving customers via COPY customer FROM '/home/ilint/HPI/repos/tpch-data/customers_sf1.tbl'  (DELIMITER('|'));: 378.65 ms.
Moving orders via COPY orders FROM '/home/ilint/HPI/repos/tpch-data/orders_sf1.tbl'  (DELIMITER('|'));: 3353.399 ms.

Inner join of linteitem and orders via SELECT * FROM lineitem INNER JOIN orders ON orders."O_ORDERKEY"=lineitem.l_orderkey;: 12472.956 ms

EXPLAIN ANALYZE SELECT * FROM lineitem INNER JOIN orders ON orders."O_ORDERKEY"=lineitem.l_orderkey;
                                                          QUERY PLAN                                                          
--------------------------------------------------------------------------------------------------------------------------------
 Hash Join  (cost=86225.00..510411.22 rows=6001915 width=228) (actual time=464.597..4597.645 rows=6001215 loops=1)
   Hash Cond: (lineitem.l_orderkey = orders."O_ORDERKEY")
   ->  Seq Scan on lineitem  (cost=0.00..172522.15 rows=6001915 width=117) (actual time=0.015..467.139 rows=6001215 loops=1)
   ->  Hash  (cost=42572.00..42572.00 rows=1500000 width=111) (actual time=464.184..464.185 rows=1500000 loops=1)
         Buckets: 65536  Batches: 32  Memory Usage: 7392kB
         ->  Seq Scan on orders  (cost=0.00..42572.00 rows=1500000 width=111) (actual time=0.072..112.435 rows=1500000 loops=1)
 Planning Time: 0.402 ms
 JIT:
   Functions: 10
   Options: Inlining true, Optimization true, Expressions true, Deforming true
   Timing: Generation 3.584 ms, Inlining 3.488 ms, Optimization 75.980 ms, Emission 37.407 ms, Total 120.460 ms
 Execution Time: 4742.011 ms
(12 rows)

Time: 4742.933 ms (00:04.743)
-------------------------------------------------------------------------------------------------------------------------------

Inner join of customers and orders via SELECT * FROM customer INNER JOIN orders ON customer.c_custkey=orders."O_CUSTKEY";: 2505.135 ms

EXPLAIN ANALYZE SELECT * FROM customer INNER JOIN orders ON customer.c_custkey=orders."O_CUSTKEY";
                                                          QUERY PLAN
------------------------------------------------------------------------------------------------------------------------------
 Hash Join  (cost=10585.00..110416.61 rows=1500000 width=274) (actual time=75.578..1193.618 rows=1500000 loops=1)
   Hash Cond: (orders."O_CUSTKEY" = customer.c_custkey)
   ->  Seq Scan on orders  (cost=0.00..42572.00 rows=1500000 width=111) (actual time=0.083..123.430 rows=1500000 loops=1)
   ->  Hash  (cost=5194.00..5194.00 rows=150000 width=163) (actual time=75.350..75.351 rows=150000 loops=1)
         Buckets: 65536  Batches: 4  Memory Usage: 7860kB
         ->  Seq Scan on customer  (cost=0.00..5194.00 rows=150000 width=163) (actual time=0.005..11.020 rows=150000 loops=1)
 Planning Time: 0.387 ms
 JIT:
   Functions: 10
   Options: Inlining false, Optimization false, Expressions true, Deforming true
   Timing: Generation 3.015 ms, Inlining 0.000 ms, Optimization 1.213 ms, Emission 23.751 ms, Total 27.979 ms
 Execution Time: 1234.484 ms
(12 rows)

Time: 1235.334 ms (00:01.235)

------------------------------------------------------------------------------------------------------------------------------
